<?xml version="1.0" encoding="UTF-8"?>
<testsuite name="ListTest" tests="1" skipped="0" failures="0" errors="0" timestamp="2021-11-22T03:23:05" hostname="DESKTOP-BKLQ23J" time="0.002">
  <properties/>
  <testcase name="test_Clear()" classname="ListTest" time="0.002"/>
  <system-out><![CDATA[]]></system-out>
  <system-err><![CDATA[]]></system-err>
</testsuite>
